19-01-21 14:51:22 : Too many login attempts, please try again later. e35sm9093662eda.13 - gsmtp<EOL>
19-01-21 14:51:24 : Too many login attempts, please try again later. b46sm9418391edc.57 - gsmtp<EOL>
19-01-21 14:51:24 : Too many login attempts, please try again later. b46sm9058857edd.94 - gsmtp<EOL>
19-01-21 14:51:24 : Too many login attempts, please try again later. b14sm8652623edt.6 - gsmtp<EOL>
19-01-21 14:51:25 : Too many login attempts, please try again later. b49sm9291626edb.73 - gsmtp<EOL>
19-01-21 14:51:25 : Too many login attempts, please try again later. b45sm9106291eda.34 - gsmtp<EOL>
19-01-21 14:51:26 : Too many login attempts, please try again later. z40sm9071236edz.86 - gsmtp<EOL>
19-01-21 14:51:27 : Too many login attempts, please try again later. ga24-v6sm5004027ejb.72 - gsmtp<EOL>
19-01-21 14:51:27 : Too many login attempts, please try again later. h9sm9782542ede.93 - gsmtp<EOL>
19-01-21 14:51:27 : Too many login attempts, please try again later. c29sm9069015eda.75 - gsmtp<EOL>
19-01-21 14:51:28 : Too many login attempts, please try again later. v12-v6sm4805542ejk.58 - gsmtp<EOL>
19-01-21 14:51:29 : Too many login attempts, please try again later. z39sm9172681edb.81 - gsmtp<EOL>
19-01-21 14:51:29 : Too many login attempts, please try again later. z39sm9172686edb.81 - gsmtp<EOL>
19-01-21 14:51:30 : Too many login attempts, please try again later. m20sm167031ejs.68 - gsmtp<EOL>
19-01-21 14:51:30 : Too many login attempts, please try again later. t26sm9335801eda.22 - gsmtp<EOL>
19-01-21 14:51:31 : Too many login attempts, please try again later. d5sm8921964edb.48 - gsmtp<EOL>
19-01-21 14:51:31 : Too many login attempts, please try again later. r23-v6sm5049561eji.64 - gsmtp<EOL>
19-01-21 14:51:32 : Too many login attempts, please try again later. n11sm8972701edn.14 - gsmtp<EOL>
19-01-21 14:51:32 : Too many login attempts, please try again later. 24sm9217967eds.97 - gsmtp<EOL>
19-01-21 14:51:33 : Too many login attempts, please try again later. b9sm11169244ede.12 - gsmtp<EOL>
19-01-21 14:51:33 : Too many login attempts, please try again later. v14sm8561103edq.74 - gsmtp<EOL>
19-01-21 14:51:34 : Too many login attempts, please try again later. a11sm9575578edc.28 - gsmtp<EOL>
19-01-21 14:51:34 : Too many login attempts, please try again later. t9sm9123543edd.25 - gsmtp<EOL>
19-01-21 14:51:35 : Too many login attempts, please try again later. c29sm9069084eda.75 - gsmtp<EOL>
19-01-21 14:51:36 : Too many login attempts, please try again later. v9sm9079086edl.3 - gsmtp<EOL>
19-01-21 14:51:38 : Too many login attempts, please try again later. z40sm9071334edz.86 - gsmtp<EOL>
19-01-21 14:51:39 : Too many login attempts, please try again later. k31sm9879012ede.5 - gsmtp<EOL>
19-01-21 14:51:40 : Too many login attempts, please try again later. j8sm81873ejr.17 - gsmtp<EOL>
19-01-21 14:51:41 : Too many login attempts, please try again later. v5sm118425eju.37 - gsmtp<EOL>
19-01-21 14:51:42 : Too many login attempts, please try again later. q13-v6sm4952873eja.8 - gsmtp<EOL>
19-01-21 14:51:43 : Too many login attempts, please try again later. 49sm9256040edz.59 - gsmtp<EOL>
19-01-21 14:51:44 : Too many login attempts, please try again later. w28sm9371104edd.38 - gsmtp<EOL>
19-01-21 14:51:45 : Too many login attempts, please try again later. c29sm9069158eda.75 - gsmtp<EOL>
19-01-21 14:51:46 : Too many login attempts, please try again later. z40sm9071396edz.86 - gsmtp<EOL>
19-01-21 14:51:47 : Too many login attempts, please try again later. r42sm9308630edd.23 - gsmtp<EOL>
19-01-21 14:51:48 : Too many login attempts, please try again later. k20sm8955614eda.71 - gsmtp<EOL>
19-01-21 14:51:50 : Too many login attempts, please try again later. l51sm9140281edb.36 - gsmtp<EOL>
19-01-21 14:51:51 : Too many login attempts, please try again later. l51sm9140290edb.36 - gsmtp<EOL>
19-01-21 14:51:52 : Too many login attempts, please try again later. d17-v6sm4930682ejo.26 - gsmtp<EOL>
19-01-21 14:51:53 : Too many login attempts, please try again later. z6-v6sm4932237ejq.63 - gsmtp<EOL>
19-01-21 14:51:54 : Too many login attempts, please try again later. k20sm8955659eda.71 - gsmtp<EOL>
19-01-21 14:51:55 : Too many login attempts, please try again later. h51sm9914003edh.17 - gsmtp<EOL>
19-01-21 14:51:56 : Too many login attempts, please try again later. c23-v6sm4961522ejb.62 - gsmtp<EOL>
19-01-21 14:51:57 : Too many login attempts, please try again later. f6sm10167780ede.53 - gsmtp<EOL>
19-01-21 14:51:59 : Too many login attempts, please try again later. h51sm9914035edh.17 - gsmtp<EOL>
19-01-21 14:52:00 : Too many login attempts, please try again later. ga24-v6sm5004176ejb.72 - gsmtp<EOL>
19-01-21 14:52:01 : Too many login attempts, please try again later. h11-v6sm5028778ejc.3 - gsmtp<EOL>
19-01-21 14:52:02 : Too many login attempts, please try again later. j8sm8992194ede.55 - gsmtp<EOL>
19-01-21 14:52:03 : Too many login attempts, please try again later. p22-v6sm4848990ejb.76 - gsmtp<EOL>
19-01-21 14:52:04 : Too many login attempts, please try again later. b49sm9291956edb.73 - gsmtp<EOL>
19-01-21 14:52:05 : Too many login attempts, please try again later. e35sm9094016eda.13 - gsmtp<EOL>
19-01-21 14:52:07 : Too many login attempts, please try again later. gy12-v6sm5056919ejb.44 - gsmtp<EOL>
19-01-21 14:52:08 : Too many login attempts, please try again later. i46sm8961848ede.62 - gsmtp<EOL>
19-01-21 14:52:09 : Too many login attempts, please try again later. e7-v6sm5034319ejt.23 - gsmtp<EOL>
19-01-21 14:52:10 : Too many login attempts, please try again later. t24sm9054173edb.7 - gsmtp<EOL>
19-01-21 14:52:11 : Too many login attempts, please try again later. m26-v6sm220000ejn.38 - gsmtp<EOL>
19-01-21 14:52:12 : Too many login attempts, please try again later. f20sm9625067edf.19 - gsmtp<EOL>
19-01-21 14:52:13 : Too many login attempts, please try again later. z9sm8800835edr.61 - gsmtp<EOL>
19-01-21 14:52:14 : Too many login attempts, please try again later. x58sm8745395edm.10 - gsmtp<EOL>
19-01-22 23:12:32 : Message is missing recipient's address
19-01-23 13:49:37 : Socket Error # 11001<EOL>Host not found.
19-01-23 13:50:29 : Try again later, closing connection. (MAIL) w28sm10674840edd.38 - gsmtp<EOL>
19-01-23 13:50:30 : Too many login attempts, please try again later. c53sm11165435ede.26 - gsmtp<EOL>
19-01-23 13:50:31 : Too many login attempts, please try again later. m20sm868657ejs.68 - gsmtp<EOL>
19-01-23 13:50:32 : Too many login attempts, please try again later. p22-v6sm5514019ejb.76 - gsmtp<EOL>
19-01-23 13:50:32 : Too many login attempts, please try again later. v11sm10110237edy.49 - gsmtp<EOL>
19-01-23 13:50:33 : Too many login attempts, please try again later. m14sm11470335edc.27 - gsmtp<EOL>
19-01-23 13:50:34 : Too many login attempts, please try again later. k12sm14277ejz.4 - gsmtp<EOL>
19-01-23 13:50:35 : Too many login attempts, please try again later. m14sm11470356edc.27 - gsmtp<EOL>
19-01-23 13:50:35 : Too many login attempts, please try again later. k26-v6sm5743627ejv.59 - gsmtp<EOL>
19-01-23 13:50:36 : Too many login attempts, please try again later. q50sm10165700edd.66 - gsmtp<EOL>
19-01-23 13:50:37 : Too many login attempts, please try again later. u33sm10358951edm.88 - gsmtp<EOL>
19-01-23 13:50:38 : Too many login attempts, please try again later. 97sm10401014edq.45 - gsmtp<EOL>
19-01-23 13:50:39 : Too many login attempts, please try again later. w56sm10526499edb.72 - gsmtp<EOL>
19-01-23 13:50:39 : Too many login attempts, please try again later. i20-v6sm529565ejv.13 - gsmtp<EOL>
19-01-23 13:50:40 : Too many login attempts, please try again later. q3-v6sm5747945ejz.30 - gsmtp<EOL>
19-01-23 13:50:41 : Too many login attempts, please try again later. f20sm10968551edf.19 - gsmtp<EOL>
19-01-23 13:50:42 : Too many login attempts, please try again later. g37sm10711756edb.85 - gsmtp<EOL>
19-01-23 13:50:43 : Too many login attempts, please try again later. w56sm10526531edb.72 - gsmtp<EOL>
19-01-23 13:50:43 : Too many login attempts, please try again later. v11sm10110337edy.49 - gsmtp<EOL>
19-01-23 13:50:44 : Too many login attempts, please try again later. q4sm10217579eda.50 - gsmtp<EOL>
19-01-23 13:50:45 : Too many login attempts, please try again later. p21sm9925238edr.67 - gsmtp<EOL>
19-01-23 13:50:46 : Too many login attempts, please try again later. ec19-v6sm5711347ejb.11 - gsmtp<EOL>
19-01-23 13:50:46 : Too many login attempts, please try again later. r1sm10105121eds.1 - gsmtp<EOL>
19-01-23 13:50:47 : Too many login attempts, please try again later. g2sm10330627edh.15 - gsmtp<EOL>
19-01-23 13:50:48 : Too many login attempts, please try again later. gy12-v6sm5768179ejb.44 - gsmtp<EOL>
19-01-23 13:50:49 : Too many login attempts, please try again later. h8sm10059524edb.95 - gsmtp<EOL>
19-01-23 13:50:49 : Too many login attempts, please try again later. e51sm10353502edd.35 - gsmtp<EOL>
19-01-23 13:50:50 : Too many login attempts, please try again later. l18sm9960633edq.87 - gsmtp<EOL>
19-01-23 13:50:51 : Too many login attempts, please try again later. t11sm171478ejl.69 - gsmtp<EOL>
19-01-23 13:50:52 : Too many login attempts, please try again later. x30sm10322553edd.30 - gsmtp<EOL>
19-01-23 13:50:53 : Too many login attempts, please try again later. q10-v6sm6115956eju.47 - gsmtp<EOL>
19-01-23 13:50:53 : Too many login attempts, please try again later. i14-v6sm5620220ejy.40 - gsmtp<EOL>
19-01-23 13:50:54 : Too many login attempts, please try again later. q26-v6sm3910483ejb.33 - gsmtp<EOL>
19-01-23 13:50:55 : Too many login attempts, please try again later. x58sm9973532edm.10 - gsmtp<EOL>
19-01-23 13:50:56 : Too many login attempts, please try again later. z40sm10329026edz.86 - gsmtp<EOL>
19-01-23 13:50:56 : Too many login attempts, please try again later. gz20-v6sm5711360ejb.56 - gsmtp<EOL>
19-01-23 13:50:57 : Too many login attempts, please try again later. gg9-v6sm5758292ejb.66 - gsmtp<EOL>
19-01-23 13:50:58 : Too many login attempts, please try again later. f20sm10968707edf.19 - gsmtp<EOL>
19-01-23 13:50:59 : Too many login attempts, please try again later. x30sm10322611edd.30 - gsmtp<EOL>
19-01-23 13:50:59 : Too many login attempts, please try again later. f6sm11514465ede.53 - gsmtp<EOL>
19-01-23 13:51:00 : Too many login attempts, please try again later. c12sm9991773edi.52 - gsmtp<EOL>
19-01-23 13:51:01 : Too many login attempts, please try again later. w56sm10526685edb.72 - gsmtp<EOL>
19-01-23 13:51:02 : Too many login attempts, please try again later. r8sm9823418edo.11 - gsmtp<EOL>
19-01-23 13:51:03 : Too many login attempts, please try again later. c53sm11165741ede.26 - gsmtp<EOL>
19-01-23 13:51:03 : Too many login attempts, please try again later. c29sm10319716eda.75 - gsmtp<EOL>
19-01-23 13:51:04 : Too many login attempts, please try again later. w56sm10526709edb.72 - gsmtp<EOL>
19-01-23 13:51:05 : Too many login attempts, please try again later. m13sm10299896edd.2 - gsmtp<EOL>
19-01-23 13:51:06 : Too many login attempts, please try again later. e35sm10362931eda.13 - gsmtp<EOL>
19-01-23 13:51:07 : Too many login attempts, please try again later. f31sm10743876eda.16 - gsmtp<EOL>
19-01-23 13:51:08 : Too many login attempts, please try again later. f18sm50248eja.36 - gsmtp<EOL>
19-01-23 13:51:09 : Too many login attempts, please try again later. a27sm10911914eda.65 - gsmtp<EOL>
19-01-23 13:51:10 : Too many login attempts, please try again later. b9sm12535732ede.12 - gsmtp<EOL>
19-01-23 13:51:11 : Too many login attempts, please try again later. ec19-v6sm5711500ejb.11 - gsmtp<EOL>
19-01-23 13:51:12 : Too many login attempts, please try again later. k26-v6sm5743814ejv.59 - gsmtp<EOL>
19-01-23 13:51:13 : Too many login attempts, please try again later. 97sm10401342edq.45 - gsmtp<EOL>
19-01-23 13:51:15 : Too many login attempts, please try again later. v14sm9792124edq.74 - gsmtp<EOL>
19-01-23 13:51:16 : Too many login attempts, please try again later. y53sm10478244edd.84 - gsmtp<EOL>
19-01-23 13:51:17 : Too many login attempts, please try again later. t26sm10612881eda.22 - gsmtp<EOL>
19-01-23 13:51:18 : Too many login attempts, please try again later. l10sm383356ejq.55 - gsmtp<EOL>
19-01-23 13:51:19 : Too many login attempts, please try again later. v25sm424480ejj.8 - gsmtp<EOL>
19-01-23 13:51:20 : Too many login attempts, please try again later. c23-v6sm5651814ejb.62 - gsmtp<EOL>
19-01-23 13:51:21 : Too many login attempts, please try again later. e7-v6sm5733355ejt.23 - gsmtp<EOL>
19-01-23 13:51:22 : Too many login attempts, please try again later. y16sm10330511edb.41 - gsmtp<EOL>
19-01-23 13:51:24 : Too many login attempts, please try again later. p1-v6sm5343903ejo.49 - gsmtp<EOL>
19-01-23 13:51:25 : Too many login attempts, please try again later. v43sm10603497edc.18 - gsmtp<EOL>
19-01-23 13:51:26 : Too many login attempts, please try again later. t24sm10349869edb.7 - gsmtp<EOL>
19-01-23 13:51:27 : Too many login attempts, please try again later. l8sm120983ejs.31 - gsmtp<EOL>
19-01-23 13:51:28 : Too many login attempts, please try again later. s3sm10223195edm.31 - gsmtp<EOL>
19-01-23 13:51:29 : Too many login attempts, please try again later. g30-v6sm179100ejl.20 - gsmtp<EOL>
19-01-23 13:51:30 : Too many login attempts, please try again later. q50sm10166177edd.66 - gsmtp<EOL>
19-01-23 13:51:32 : Too many login attempts, please try again later. a27sm10912137eda.65 - gsmtp<EOL>
19-01-23 13:51:33 : Too many login attempts, please try again later. d8-v6sm5537427ejy.34 - gsmtp<EOL>
19-01-23 13:51:34 : Too many login attempts, please try again later. h51sm11202041edh.17 - gsmtp<EOL>
19-01-23 13:51:35 : Too many login attempts, please try again later. l17sm10143256edc.56 - gsmtp<EOL>
19-01-23 13:51:36 : Too many login attempts, please try again later. 24sm10486635eds.97 - gsmtp<EOL>
19-01-23 13:51:37 : Too many login attempts, please try again later. ec19-v6sm5711641ejb.11 - gsmtp<EOL>
19-01-23 13:51:38 : Too many login attempts, please try again later. z9sm10065220edr.61 - gsmtp<EOL>
19-01-23 13:51:40 : Too many login attempts, please try again later. n23-v6sm5496757ejx.57 - gsmtp<EOL>
19-01-23 13:51:41 : Too many login attempts, please try again later. c53sm11166068ede.26 - gsmtp<EOL>
19-01-23 13:51:42 : Too many login attempts, please try again later. d15sm10120937edv.20 - gsmtp<EOL>
19-01-23 13:51:43 : Too many login attempts, please try again later. s46sm10245934edd.9 - gsmtp<EOL>
19-01-23 13:51:44 : Too many login attempts, please try again later. a27sm10912258eda.65 - gsmtp<EOL>
19-01-23 13:51:45 : Too many login attempts, please try again later. j8sm10282422ede.55 - gsmtp<EOL>
19-01-23 13:51:46 : Too many login attempts, please try again later. 24sm10486721eds.97 - gsmtp<EOL>
19-01-23 13:51:48 : Too many login attempts, please try again later. q26-v6sm3910770ejb.33 - gsmtp<EOL>
19-01-23 13:51:49 : Too many login attempts, please try again later. r8-v6sm5947334ejb.52 - gsmtp<EOL>
19-01-23 13:51:50 : Too many login attempts, please try again later. d2sm10329275eda.92 - gsmtp<EOL>
19-01-23 13:51:51 : Too many login attempts, please try again later. g20sm9783181edr.47 - gsmtp<EOL>
19-01-23 13:51:52 : Too many login attempts, please try again later. n3-v6sm5490788ejd.35 - gsmtp<EOL>
